[1m[92m    Updating[0m crates.io index
[1m[92m Downloading[0m crates ...
[1m[92m  Downloaded[0m base16 v0.2.1
[1m[92m  Downloaded[0m abnf-core v0.5.0
[1m[92m  Downloaded[0m base45 v3.2.0
[1m[92m  Downloaded[0m base64-url v3.0.3
[1m[92m  Downloaded[0m abnf_to_pest v0.5.1
[1m[92m  Downloaded[0m anstyle-query v1.1.5
[1m[92m  Downloaded[0m bit-set v0.8.0
[1m[92m  Downloaded[0m crypto-common v0.1.7
[1m[92m  Downloaded[0m colorchoice v1.0.5
[1m[92m  Downloaded[0m autocfg v1.5.0
[1m[92m  Downloaded[0m anstyle-parse v1.0.0
[1m[92m  Downloaded[0m ciborium-ll v0.2.2
[1m[92m  Downloaded[0m ciborium-io v0.2.2
[1m[92m  Downloaded[0m subtle v2.6.1
[1m[92m  Downloaded[0m time-core v0.1.8
[1m[92m  Downloaded[0m cfg-if v1.0.4
[1m[92m  Downloaded[0m typed-arena v2.0.2
[1m[92m  Downloaded[0m strsim v0.11.1
[1m[92m  Downloaded[0m cpufeatures v0.2.17
[1m[92m  Downloaded[0m arrayvec v0.5.2
[1m[92m  Downloaded[0m hex v0.4.3
[1m[92m  Downloaded[0m anstyle v1.0.14
[1m[92m  Downloaded[0m clap_lex v1.1.0
[1m[92m  Downloaded[0m block-buffer v0.10.4
[1m[92m  Downloaded[0m anstream v1.0.0
[1m[92m  Downloaded[0m abnf v0.12.0
[1m[92m  Downloaded[0m powerfmt v0.2.0
[1m[92m  Downloaded[0m clap_derive v4.6.1
[1m[92m  Downloaded[0m untrusted v0.9.0
[1m[92m  Downloaded[0m utf8parse v0.2.2
[1m[92m  Downloaded[0m equivalent v1.0.2
[1m[92m  Downloaded[0m pest_vm v2.8.6
[1m[92m  Downloaded[0m is_terminal_polyfill v1.70.2
[1m[92m  Downloaded[0m heck v0.5.0
[1m[92m  Downloaded[0m version_check v0.9.5
[1m[92m  Downloaded[0m simd-adler32 v0.3.9
[1m[92m  Downloaded[0m sha2 v0.10.9
[1m[92m  Downloaded[0m clap v4.6.1
[1m[92m  Downloaded[0m termcolor v1.4.1
[1m[92m  Downloaded[0m time-macros v0.2.27
[1m[92m  Downloaded[0m iana-time-zone v0.1.65
[1m[92m  Downloaded[0m zmij v1.0.21
[1m[92m  Downloaded[0m zeroize v1.8.2
[1m[92m  Downloaded[0m ucd-trie v0.1.7
[1m[92m  Downloaded[0m digest v0.10.7
[1m[92m  Downloaded[0m shlex v1.3.0
[1m[92m  Downloaded[0m rustls-pki-types v1.14.0
[1m[92m  Downloaded[0m quote v1.0.45
[1m[92m  Downloaded[0m httparse v1.10.1
[1m[92m  Downloaded[0m ryu v1.0.23
[1m[92m  Downloaded[0m serde_core v1.0.228
[1m[92m  Downloaded[0m unicode-ident v1.0.24
[1m[92m  Downloaded[0m zopfli v0.8.3
[1m[92m  Downloaded[0m pest_meta v2.8.6
[1m[92m  Downloaded[0m minimal-lexical v0.2.1
[1m[92m  Downloaded[0m zerocopy-derive v0.8.48
[1m[92m  Downloaded[0m unicode-segmentation v1.13.2
[1m[92m  Downloaded[0m typed-path v0.12.3
[1m[92m  Downloaded[0m zip v8.5.1
[1m[92m  Downloaded[0m ureq v3.3.0
[1m[92m  Downloaded[0m hashbrown v0.17.0
[1m[92m  Downloaded[0m chrono v0.4.44
[1m[92m  Downloaded[0m zlib-rs v0.6.3
[1m[92m  Downloaded[0m webpki-roots v1.0.7
[1m[92m  Downloaded[0m unicode-width v0.2.2
[1m[92m  Downloaded[0m time v0.3.47
[1m[92m  Downloaded[0m zerocopy v0.8.48
[1m[92m  Downloaded[0m syn v2.0.117
[1m[92m  Downloaded[0m serde_json v1.0.149
[1m[92m  Downloaded[0m rustls v0.23.39
[1m[92m  Downloaded[0m regex-syntax v0.8.10
[1m[92m  Downloaded[0m regex v1.12.3
[1m[92m  Downloaded[0m itertools v0.14.0
[1m[92m  Downloaded[0m typenum v1.20.0
[1m[92m  Downloaded[0m libm v0.2.16
[1m[92m  Downloaded[0m pest v2.8.6
[1m[92m  Downloaded[0m nom v7.1.3
[1m[92m  Downloaded[0m hashbrown v0.12.3
[1m[92m  Downloaded[0m fancy-regex v0.17.0
[1m[92m  Downloaded[0m clap_builder v4.6.0
[1m[92m  Downloaded[0m cc v1.2.60
[1m[92m  Downloaded[0m aho-corasick v1.1.4
[1m[92m  Downloaded[0m itertools v0.10.5
[1m[92m  Downloaded[0m regex-automata v0.4.14
[1m[92m  Downloaded[0m http v1.4.0
[1m[92m  Downloaded[0m bytes v1.11.1
[1m[92m  Downloaded[0m serde v1.0.228
[1m[92m  Downloaded[0m rustls-webpki v0.103.13
[1m[92m  Downloaded[0m indexmap v2.14.0
[1m[92m  Downloaded[0m cddl v0.10.5
[1m[92m  Downloaded[0m bumpalo v3.20.2
[1m[92m  Downloaded[0m flate2 v1.1.9
[1m[92m  Downloaded[0m memchr v2.8.0
[1m[92m  Downloaded[0m uriparse v0.6.4
[1m[92m  Downloaded[0m ureq-proto v0.6.0
[1m[92m  Downloaded[0m libc v0.2.185
[1m[92m  Downloaded[0m csv v1.4.0
[1m[92m  Downloaded[0m serde_derive v1.0.228
[1m[92m  Downloaded[0m proc-macro2 v1.0.106
[1m[92m  Downloaded[0m num-traits v0.2.19
[1m[92m  Downloaded[0m log v0.4.29
[1m[92m  Downloaded[0m indexmap v1.9.3
[1m[92m  Downloaded[0m half v2.7.1
[1m[92m  Downloaded[0m pest_generator v2.8.6
[1m[92m  Downloaded[0m pest_derive v2.8.6
[1m[92m  Downloaded[0m once_cell v1.21.4
[1m[92m  Downloaded[0m either v1.15.0
[1m[92m  Downloaded[0m base64 v0.22.1
[1m[92m  Downloaded[0m data-encoding v2.10.0
[1m[92m  Downloaded[0m pretty v0.11.3
[1m[92m  Downloaded[0m csv-core v0.1.13
[1m[92m  Downloaded[0m bit-vec v0.8.0
[1m[92m  Downloaded[0m simplelog v0.12.2
[1m[92m  Downloaded[0m find-msvc-tools v0.1.9
[1m[92m  Downloaded[0m displaydoc v0.2.5
[1m[92m  Downloaded[0m codespan-reporting v0.13.1
[1m[92m  Downloaded[0m num-conv v0.2.1
[1m[92m  Downloaded[0m getrandom v0.2.17
[1m[92m  Downloaded[0m lazy_static v1.5.0
[1m[92m  Downloaded[0m itoa v1.0.18
[1m[92m  Downloaded[0m deranged v0.5.8
[1m[92m  Downloaded[0m utf8-zero v0.8.1
[1m[92m  Downloaded[0m generic-array v0.14.7
[1m[92m  Downloaded[0m hexf-parse v0.2.1
[1m[92m  Downloaded[0m fnv v1.0.7
[1m[92m  Downloaded[0m num_threads v0.1.7
[1m[92m  Downloaded[0m percent-encoding v2.3.2
[1m[92m  Downloaded[0m crc32fast v1.5.0
[1m[92m  Downloaded[0m ciborium v0.2.2
[1m[92m  Downloaded[0m ring v0.17.14
[1m[92m   Compiling[0m memchr v2.8.0
[1m[92m   Compiling[0m proc-macro2 v1.0.106
[1m[92m   Compiling[0m quote v1.0.45
[1m[92m   Compiling[0m unicode-ident v1.0.24
[1m[92m   Compiling[0m cfg-if v1.0.4
[1m[92m   Compiling[0m libc v0.2.185
[1m[92m   Compiling[0m autocfg v1.5.0
[1m[92m   Compiling[0m syn v2.0.117
[1m[92m   Compiling[0m log v0.4.29
[1m[92m   Compiling[0m find-msvc-tools v0.1.9
[1m[92m   Compiling[0m shlex v1.3.0
[1m[92m   Compiling[0m itoa v1.0.18
[1m[92m   Compiling[0m cc v1.2.60
[1m[92m   Compiling[0m serde_core v1.0.228
[1m[92m   Compiling[0m ring v0.17.14
[1m[92m   Compiling[0m zerocopy v0.8.48
[1m[92m   Compiling[0m ucd-trie v0.1.7
[1m[92m   Compiling[0m zerocopy-derive v0.8.48
[1m[92m   Compiling[0m pest v2.8.6
[1m[92m   Compiling[0m zeroize v1.8.2
[1m[92m   Compiling[0m minimal-lexical v0.2.1
[1m[92m   Compiling[0m utf8parse v0.2.2
[1m[92m   Compiling[0m anstyle-parse v1.0.0
[1m[92m   Compiling[0m nom v7.1.3
[1m[92m   Compiling[0m rustls-pki-types v1.14.0
[1m[92m   Compiling[0m pest_meta v2.8.6
[1m[92m   Compiling[0m getrandom v0.2.17
[1m[92m   Compiling[0m indexmap v1.9.3
[1m[92m   Compiling[0m num-traits v0.2.19
[1m[92m   Compiling[0m aho-corasick v1.1.4
[1m[92m   Compiling[0m powerfmt v0.2.0
[1m[92m   Compiling[0m untrusted v0.9.0
[1m[92m   Compiling[0m anstyle v1.0.14
[1m[92m   Compiling[0m anstyle-query v1.1.5
[1m[92m   Compiling[0m regex-syntax v0.8.10
[1m[92m   Compiling[0m httparse v1.10.1
[1m[92m   Compiling[0m serde v1.0.228
[1m[92m   Compiling[0m colorchoice v1.0.5
[1m[92m   Compiling[0m time-core v0.1.8
[1m[92m   Compiling[0m is_terminal_polyfill v1.70.2
[1m[92m   Compiling[0m num-conv v0.2.1
[1m[92m   Compiling[0m crc32fast v1.5.0
[1m[92m   Compiling[0m either v1.15.0
[1m[92m   Compiling[0m base64 v0.22.1
[1m[92m   Compiling[0m zmij v1.0.21
[1m[92m   Compiling[0m time-macros v0.2.27
[1m[92m   Compiling[0m regex-automata v0.4.14
[1m[92m   Compiling[0m anstream v1.0.0
[1m[92m   Compiling[0m deranged v0.5.8
[1m[92m   Compiling[0m half v2.7.1
[1m[92m   Compiling[0m abnf-core v0.5.0
[1m[92m   Compiling[0m serde_derive v1.0.228
[1m[92m   Compiling[0m rustls v0.23.39
[1m[92m   Compiling[0m hashbrown v0.12.3
[1m[92m   Compiling[0m bit-vec v0.8.0
[1m[92m   Compiling[0m num_threads v0.1.7
[1m[92m   Compiling[0m unicode-segmentation v1.13.2
[1m[92m   Compiling[0m ciborium-io v0.2.2
[1m[92m   Compiling[0m termcolor v1.4.1
[1m[92m   Compiling[0m serde_json v1.0.149
[1m[92m   Compiling[0m strsim v0.11.1
[1m[92m   Compiling[0m clap_lex v1.1.0
[1m[92m   Compiling[0m heck v0.5.0
[1m[92m   Compiling[0m bytes v1.11.1
[1m[92m   Compiling[0m arrayvec v0.5.2
[1m[92m   Compiling[0m typed-arena v2.0.2
[1m[92m   Compiling[0m pretty v0.11.3
[1m[92m   Compiling[0m http v1.4.0
[1m[92m   Compiling[0m clap_derive v4.6.1
[1m[92m   Compiling[0m clap_builder v4.6.0
[1m[92m   Compiling[0m ciborium-ll v0.2.2
[1m[92m   Compiling[0m time v0.3.47
[1m[92m   Compiling[0m bit-set v0.8.0
[1m[92m   Compiling[0m abnf v0.12.0
[1m[92m   Compiling[0m rustls-webpki v0.103.13
[1m[92m   Compiling[0m itertools v0.10.5
[1m[92m   Compiling[0m pest_generator v2.8.6
[1m[92m   Compiling[0m csv-core v0.1.13
[1m[92m   Compiling[0m cddl v0.10.5
[1m[92m   Compiling[0m zlib-rs v0.6.3
[1m[92m   Compiling[0m simd-adler32 v0.3.9
[1m[92m   Compiling[0m bumpalo v3.20.2
[1m[92m   Compiling[0m subtle v2.6.1
[1m[92m   Compiling[0m fnv v1.0.7
[1m[92m   Compiling[0m equivalent v1.0.2
[1m[92m   Compiling[0m unicode-width v0.2.2
[1m[92m   Compiling[0m hashbrown v0.17.0
[1m[92m   Compiling[0m lazy_static v1.5.0
[1m[92m   Compiling[0m iana-time-zone v0.1.65
[1m[92m   Compiling[0m ryu v1.0.23
[1m[92m   Compiling[0m once_cell v1.21.4
[1m[92m   Compiling[0m flate2 v1.1.9
[1m[92m   Compiling[0m csv v1.4.0
[1m[92m   Compiling[0m chrono v0.4.44
[1m[92m   Compiling[0m uriparse v0.6.4
[1m[92m   Compiling[0m indexmap v2.14.0
[1m[92m   Compiling[0m codespan-reporting v0.13.1
[1m[92m   Compiling[0m zopfli v0.8.3
[1m[92m   Compiling[0m pest_derive v2.8.6
[1m[92m   Compiling[0m abnf_to_pest v0.5.1
[1m[92m   Compiling[0m ureq-proto v0.6.0
[1m[92m   Compiling[0m fancy-regex v0.17.0
[1m[92m   Compiling[0m simplelog v0.12.2
[1m[92m   Compiling[0m clap v4.6.1
[1m[92m   Compiling[0m ciborium v0.2.2
[1m[92m   Compiling[0m regex v1.12.3
[1m[92m   Compiling[0m base64-url v3.0.3
[1m[92m   Compiling[0m itertools v0.14.0
[1m[92m   Compiling[0m pest_vm v2.8.6
[1m[92m   Compiling[0m webpki-roots v1.0.7
[1m[92m   Compiling[0m displaydoc v0.2.5
[1m[92m   Compiling[0m utf8-zero v0.8.1
[1m[92m   Compiling[0m hexf-parse v0.2.1
[1m[92m   Compiling[0m base16 v0.2.1
[1m[92m   Compiling[0m percent-encoding v2.3.2
[1m[92m   Compiling[0m typed-path v0.12.3
[1m[92m   Compiling[0m hex v0.4.3
[1m[92m   Compiling[0m base45 v3.2.0
[1m[92m   Compiling[0m data-encoding v2.10.0
[1m[92m   Compiling[0m zip v8.5.1
[1m[92m   Compiling[0m ureq v3.3.0
[1m[92m   Compiling[0m c2pa-spec-codegen v0.1.0 (/home/runner/work/c2pa-spec-rs/c2pa-spec-rs/c2pa-spec-codegen)
[1m[92m    Finished[0m `dev` profile [unoptimized + debuginfo] target(s) in 53.10s
[1m[92m     Running[0m `target/debug/c2pa-spec-codegen --download`
refresh-spec: resolved latest spec URL to https://spec.c2pa.org/specifications/specifications/2.4/specs/_attachments/C2PA_Schemas.zip
refresh-spec: downloading https://spec.c2pa.org/specifications/specifications/2.4/specs/_attachments/C2PA_Schemas.zip
refresh-spec: refreshed 39 CDDL file(s), 1 metadata YAML, 1 ABNF file(s)
refresh-spec: old_spec_version=2.3
refresh-spec: new_spec_version=2.4
refresh-spec: wrote schemas/cddl/c2pa.cddl
refresh-spec: wrote src/generated.rs
refresh-spec: wrote src/valid_metadata_fields.rs
